<?xml version="1.0" encoding="UTF-8"?>
<!-- Generated by org.testng.reporters.JUnitReportReporter -->
<testsuite skipped="0" hostname="DESKTOP-QE31605" name="com.alg.test.executionengine.Executor" tests="15" failures="0" timestamp="21 Sep 2017 13:36:48 GMT" time="110.939" errors="0">
  <testcase name="testCase" time="6.622" classname="com.alg.test.executionengine.Executor"/>
  <testcase name="testCase" time="7.026" classname="com.alg.test.executionengine.Executor"/>
  <testcase name="testCase" time="6.615" classname="com.alg.test.executionengine.Executor"/>
  <testcase name="testCase" time="7.402" classname="com.alg.test.executionengine.Executor"/>
  <testcase name="testCase" time="6.523" classname="com.alg.test.executionengine.Executor"/>
  <testcase name="testCase" time="6.625" classname="com.alg.test.executionengine.Executor"/>
  <testcase name="testCase" time="7.163" classname="com.alg.test.executionengine.Executor"/>
  <testcase name="testCase" time="6.955" classname="com.alg.test.executionengine.Executor"/>
  <testcase name="testCase" time="7.001" classname="com.alg.test.executionengine.Executor"/>
  <testcase name="testCase" time="7.303" classname="com.alg.test.executionengine.Executor"/>
  <testcase name="testCase" time="6.666" classname="com.alg.test.executionengine.Executor"/>
  <testcase name="testCase" time="6.652" classname="com.alg.test.executionengine.Executor"/>
  <testcase name="testCase" time="13.699" classname="com.alg.test.executionengine.Executor"/>
  <testcase name="testCase" time="6.690" classname="com.alg.test.executionengine.Executor"/>
  <testcase name="testCase" time="7.997" classname="com.alg.test.executionengine.Executor"/>
</testsuite> <!-- com.alg.test.executionengine.Executor -->
